C51 COMPILER V9.56.0.0   MAIN                                                              05/20/2018 08:31:10 PAGE 1   


C51 COMPILER V9.56.0.0, COMPILATION OF MODULE MAIN
OBJECT MODULE PLACED IN .\Objects\main.obj
COMPILER INVOKED BY: E:\keil\C51\BIN\C51.EXE main.c OPTIMIZE(8,SPEED) BROWSE DEBUG OBJECTEXTEND PRINT(.\Listings\main.ls
                    -t) TABS(2) OBJECT(.\Objects\main.obj)

line level    source

   1          #include<stc15f2k60s2.h>
   2          #include<define.c>
*** WARNING C318 IN LINE 3 OF define.c: can't open file 'stdio.c'
   3          #include<ds18b20.c>
   4          #include<iic.c>
   5          #include<ds1302.c>
   6          #include<key.c>
   7          
   8          void send(unsigned char *p)
   9          {
  10   1        unsigned char i = 0;
  11   1        do
  12   1        {
  13   2          SBUF = p[i++];
  14   2          while(TI == 0);
  15   2          TI = 0;
  16   2        }
  17   1        while(p[i] != 0);
  18   1      }
  19          
  20          void UartInit(void)   //1200bps@11.0592MHz
  21          {
  22   1        SCON = 0x50;    //8位数据,可变波特率
  23   1        AUXR |= 0x40;   //定时器1时钟为Fosc,即1T
  24   1        AUXR &= 0xFE;   //串口1选择定时器1为波特率发生器
  25   1        TMOD &= 0x0F;   //设定定时器1为16位自动重装方式
  26   1        TL1 = 0x00;   //设定定时初值
  27   1        TH1 = 0xF7;   //设定定时初值
  28   1        ET1 = 0;    //禁止定时器1中断
  29   1        TR1 = 1;    //启动定时器1
  30   1      }
  31          
  32          void uart()interrupt 4
  33          {
  34   1        RI = 0;
  35   1        num = SBUF;
  36   1        if(flag_num == 0)
  37   1        {
  38   2          if(num == 'A')
  39   2          {
  40   3            flag_num = 1;
  41   3          }
  42   2        }
  43   1        else if(flag_num == 1)
  44   1        {
  45   2          if(num == 'A')
  46   2          {
  47   3            flag_num = 2;
  48   3          }
  49   2        }
  50   1        else if(flag_num == 2)
  51   1        {
  52   2          if(num == 'A')
  53   2          {
C51 COMPILER V9.56.0.0   MAIN                                                              05/20/2018 08:31:10 PAGE 2   

  54   3            flag_num = 3;
  55   3          }
  56   2        }
  57   1        else if(flag_num == 3)
  58   1        {
  59   2          if(num == 'S')
  60   2          {
  61   3            flag_num = 4;
  62   3          }
  63   2        }
  64   1          else if(flag_num == 4)
  65   1        {
  66   2          if(num == 'S')
  67   2          {
  68   3            flag_num = 5;
  69   3          }
  70   2        }
  71   1          else if(flag_num == 5)
  72   1        {
  73   2          if(num == 'S')
  74   2          {
  75   3            flag_num = 0;
  76   3            mimadui = 1;
  77   3          }
  78   2        }
  79   1      }
  80          
  81          void display()
  82          {
  83   1        if(line >= 200)
  84   1        {
  85   2          ren = 0;
  86   2          P2 = 0x80;
  87   2          P0 &= 0xff;
  88   2          if(t == 1)
  89   2          {
  90   3            t = 0;
  91   3            max = shijian[0];   
  92   3            if(max > min)
  93   3            {
  94   4              tingshi = max - min;
  95   4            }
  96   3            else 
  97   3            {
  98   4              tingshi = min - max;
  99   4            }
 100   3              IIc_Write(add,wendu);Delay1ms();Delay1ms();add++;
 101   3            IIc_Write(add,shidu);Delay1ms();Delay1ms();add++;
 102   3            IIc_Write(add,shijian[2]);Delay1ms();Delay1ms();add++;
 103   3            IIc_Write(add,shijian[1]);Delay1ms();Delay1ms();add++;
 104   3            IIc_Write(add,shijian[0]);Delay1ms();Delay1ms();add++;
 105   3            IIc_Write(add,tingshi);Delay1ms();Delay1ms();add++;
 106   3                if(add == 0x23)add = 0x00;
 107   3          }
 108   2        }
 109   1        else 
 110   1        {
 111   2          ren = 1;
 112   2          P2 = 0x80;
 113   2          P0 &= 0xfb;
 114   2          if(t == 0)
 115   2          {
C51 COMPILER V9.56.0.0   MAIN                                                              05/20/2018 08:31:10 PAGE 3   

 116   3            t = 1;
 117   3            min = shijian[0];
 118   3          }
 119   2        }
 120   1        if(s5 == 0)
 121   1        {
 122   2          yi = wendu / 10;
 123   2          er = wendu % 10;
 124   2          san = 12;
 125   2          si = 10;  
 126   2          wu = 10;
 127   2          liu = shidu / 10;
 128   2          qi = shidu % 10;
 129   2          ba = 13;
 130   2        }
 131   1        else if(s5 == 1)
 132   1        {
 133   2          yi = shijian[2] / 10;
 134   2          er = shijian[2] % 10;
 135   2          san = 11;
 136   2          si = shijian[1] / 10;
 137   2          wu = shijian[1] % 10;
 138   2          liu = 11;
 139   2          qi = shijian[0] / 10;
 140   2          ba = shijian[0] % 10; 
 141   2        }
 142   1        else if(s5 == 2)
 143   1        {
 144   2          if(ren == 1)
 145   2          {
 146   3            yi = 10;
 147   3            er = 10;
 148   3            san = 10;
 149   3            si =  11;
 150   3            wu = 0;
 151   3            liu = 0;
 152   3            qi = 0;
 153   3            ba = 0;
 154   3          }
 155   2          else if(ren == 0)
 156   2          {
 157   3            yi = 10;
 158   3            er = 10;
 159   3            san = 10;
 160   3            si =  11;
 161   3            wu = 0;
 162   3            liu = 0;
 163   3            qi = tingshi / 10;
 164   3            ba = tingshi % 10;
 165   3          }
 166   2        }
 167   1      } 
 168          
 169          void xinxi()
 170          {
 171   1        if(moshi == 0)
 172   1        {
 173   2          P2 = 0x80;
 174   2          P0 &= 0xfe;
 175   2          if(last_time != shijian[0])
 176   2          {
 177   3            last_time = shijian[0];
C51 COMPILER V9.56.0.0   MAIN                                                              05/20/2018 08:31:10 PAGE 4   

 178   3            if(mimadui == 1)
 179   3            {
 180   4              sprintf((char *)chuankou,"{%bd-%bd%%}{%0.2bd-%0.2bd-%0.2bd}{%bd}\r\n",wendu,shidu,shijian[2],shijian[1
             -],shijian[0],ren);
 181   4              send(chuankou);
 182   4            }
 183   3          }
 184   2        }
 185   1        else if(moshi == 1)
 186   1        {
 187   2          P2 = 0x80;
 188   2          P0 &= 0xfd;
 189   2          if(mimadui == 1)
 190   2          {
 191   3            mimadui = 0;add = 0x00;
 192   3            for(i = 0;i <= 5;i++)
 193   3            {
 194   4              wendu = IIc_Read(add);Delay1ms();Delay1ms();add++;
 195   4              shidu = IIc_Read(add);Delay1ms();Delay1ms();add++;
 196   4              shijian[2] = IIc_Read(add);Delay1ms();Delay1ms();add++;
 197   4              shijian[1] = IIc_Read(add);Delay1ms();Delay1ms();add++;
 198   4              shijian[0] = IIc_Read(add);Delay1ms();Delay1ms();add++;
 199   4              tingshi = IIc_Read(add);Delay1ms();Delay1ms();add++;
 200   4              sprintf((char *)chuankou,"{%bd-%bd%%}{%0.2bd-%0.2bd-%0.2bd}{%bd}\r\n",wendu,shidu,shijian[2],shijian[1
             -],shijian[0],tingshi);
 201   4              send(chuankou);
 202   4            }
 203   3          }
 204   2        }
 205   1      }
 206          
 207          void main()
 208          {
 209   1        EA = 1;
 210   1        ES = 1;
 211   1        banzi_init();
 212   1        UartInit();
 213   1        DS1302_init();
 214   1        while(1)
 215   1        {
 216   2          wendu = DS18B20();
 217   2          shidu = AD(0x03);shidu = AD(0x03);
 218   2          line = AD(0x01);line = AD(0x01);
 219   2          DS1302_read();
 220   2          keyscan();
 221   2          shidu = shidu * 0.39;
 222   2          display();
 223   2           xinxi();
 224   2          xianshi();
 225   2        }
 226   1      }


MODULE INFORMATION:   STATIC OVERLAYABLE
   CODE SIZE        =   2119    ----
   CONSTANT SIZE    =     55    ----
   XDATA SIZE       =   ----    ----
   PDATA SIZE       =   ----    ----
   DATA SIZE        =     51       6
   IDATA SIZE       =   ----    ----
   BIT SIZE         =      2       2
END OF MODULE INFORMATION.

C51 COMPILER V9.56.0.0   MAIN                                                              05/20/2018 08:31:10 PAGE 5   


C51 COMPILATION COMPLETE.  1 WARNING(S),  0 ERROR(S)
