C51 COMPILER V9.00   MAIN                                                                  05/21/2017 16:44:07 PAGE 1   


C51 COMPILER V9.00, COMPILATION OF MODULE MAIN
OBJECT MODULE PLACED IN main.OBJ
COMPILER INVOKED BY: C:\Keil\C51\BIN\C51.EXE main.c BROWSE DEBUG OBJECTEXTEND

line level    source

   1          #include<reg51.h>
   2          #include<lcd12864.c>
   3          uchar sec = 59;
   4          void main(void)
   5          {
   6   1              F12864_init();
   7   1              F12864_clear();
   8   1              while(1)
   9   1              {
  10   2                      sec++;
  11   2                      if(sec >= 60)sec = 0;
  12   2                      dprintf_hanzi_string_1(GB_16,1,16,6,0);                 //左右移动8点阵，上下为1
  13   2                      display_string(5,7,"sec");                                               //5表示横向8点阵倍数，7也是8点阵的倍数
  14   2                      display_num(5,6,sec);display_string(7,6,":");                                                   
  15   2              }
  16   1      }


MODULE INFORMATION:   STATIC OVERLAYABLE
   CODE SIZE        =    552    ----
   CONSTANT SIZE    =    426    ----
   XDATA SIZE       =   ----    ----
   PDATA SIZE       =   ----    ----
   DATA SIZE        =     12      17
   IDATA SIZE       =   ----    ----
   BIT SIZE         =   ----    ----
END OF MODULE INFORMATION.


C51 COMPILATION COMPLETE.  0 WARNING(S),  0 ERROR(S)
