C51 COMPILER V9.00   MAIN                                                                  05/07/2017 20:26:41 PAGE 1   


C51 COMPILER V9.00, COMPILATION OF MODULE MAIN
OBJECT MODULE PLACED IN main.OBJ
COMPILER INVOKED BY: D:\安装目录\keil4\C51\BIN\C51.EXE main.c BROWSE DEBUG OBJECTEXTEND

line level    source

   1          #include<reg51.h>
   2          sbit key1 = P3^4;
   3          code unsigned char seven_seg[]={0xc0,0xf9,0xa4,0xb0,0x99,0x92,0x82,0xf8,0x80,0x90};
   4          void delay(unsigned int x)       //延时函数
   5          {
   6   1              while(x--);
   7   1      }
   8          void key()               //按键函数，抬起有效
   9          {
  10   1              unsigned char i;
  11   1              if(key1==0)                                                //按键按下
  12   1              {
  13   2                      delay(300);                                        //消抖
  14   2                      if(key1==0)                                                      //真的按下
  15   2                      {
  16   3                              while(key1==0) ;                        //等待抬起
  17   3                              P0=seven_seg[i];                        //从数组中选择数据
  18   3                              i++;                                            
  19   3                              if(i>=10)i=0;
  20   3                      }
  21   2              }
  22   1      }
  23          void main()
  24          {
  25   1              P2=0x00;                                        //反相器取反
  26   1              while(1)
  27   1              {
  28   2                      key();                                  
  29   2              }
  30   1      }


MODULE INFORMATION:   STATIC OVERLAYABLE
   CODE SIZE        =     56    ----
   CONSTANT SIZE    =     10    ----
   XDATA SIZE       =   ----    ----
   PDATA SIZE       =   ----    ----
   DATA SIZE        =   ----       1
   IDATA SIZE       =   ----    ----
   BIT SIZE         =   ----    ----
END OF MODULE INFORMATION.


C51 COMPILATION COMPLETE.  0 WARNING(S),  0 ERROR(S)
