C51 COMPILER V9.56.0.0   MAIN                                                              05/13/2018 11:59:11 PAGE 1   


C51 COMPILER V9.56.0.0, COMPILATION OF MODULE MAIN
OBJECT MODULE PLACED IN .\Objects\main.obj
COMPILER INVOKED BY: E:\keil\C51\BIN\C51.EXE main.c OPTIMIZE(8,SPEED) BROWSE DEBUG OBJECTEXTEND PRINT(.\Listings\main.ls
                    -t) TABS(2) OBJECT(.\Objects\main.obj)

line level    source

   1          #include<stc15f2k60s2.h>
   2          #include<intrins.h>
   3          #include<iic.c>
   4          #include<define.c>
   5          #include<key.c>
   6          
   7          void display()
   8          {
   9   1        dianya = dianya * 0.039;
  10   1        if((dianya >= 0) && (dianya < 1))
  11   1        {
  12   2          zaizhong = 1;//¿Õ
  13   2          huo = 0;
  14   2          P2 = 0x80;
  15   2          P0 = 0xfe;
  16   2          
  17   2          P2 = 0xa0;
  18   2          P0 = 0x00;
  19   2        }
  20   1        else if((dianya >= 1) && (dianya <= 4))
  21   1        {
  22   2          zaizhong = 2;//·Ç¿Õ
  23   2          huo = 1;
  24   2          P2 = 0x80;
  25   2          P0 = 0xfd;
  26   2          
  27   2          P2 = 0xa0;
  28   2          P0 = 0x00;
  29   2        }
  30   1        else if(dianya > 4)
  31   1        {
  32   2          zaizhong = 3;//¹ýÔØ
  33   2          huo = 0;
  34   2          P2 = 0x80;
  35   2          P0 = 0xfb;
  36   2          if(fengming == 1)
  37   2          {
  38   3            P2 = 0xa0;
  39   3            P0 = 0x40;
  40   3          }
  41   2          else 
  42   2          {
  43   3            P2 = 0xa0;
  44   3            P0 = 0x00;
  45   3          }
  46   2        }
  47   1        
  48   1        
  49   1        
  50   1        if((zaizhong == 1) && (shezhi == 0))
  51   1        {
  52   2          yi = er = san = si = wu = liu = qi = ba = 11;
  53   2        }
  54   1        else if((zaizhong == 3)  && (huo == 0) && (shezhi == 0))
C51 COMPILER V9.56.0.0   MAIN                                                              05/13/2018 11:59:11 PAGE 2   

  55   1        {
  56   2          yi = 1;
  57   2          er = liu = qi = 11;
  58   2          san = juli / 100;;
  59   2          si = juli % 100 / 10;
  60   2          wu = juli % 10;
  61   2          ba = lei;
  62   2        }
  63   1        else if((huo == 1) && ((zaizhong == 2) && (shezhi == 0)))
  64   1        {
  65   2        //  huo = 0;
  66   2          if(yun == 1)
  67   2          {
  68   3              P2 = 0xa0;
  69   3              P0 = 0x10;
  70   3          }
  71   2          else 
  72   2          {
  73   3          
  74   3              P2 = 0xa0;
  75   3              P0 = 0x00;
  76   3          }
  77   2          if(tingzhi == 0)
  78   2          {
  79   3            P2 = 0x80;
  80   3            P0 = 0xfd;
  81   3          }
  82   2          else 
  83   2          {
  84   3            if(fengming == 1)
  85   3            {
  86   4              P2 = 0x80;
  87   4              P0 = 0xf5;
  88   4            }
  89   3            else 
  90   3            {
  91   4              P2 = 0x80;
  92   4              P0 = 0xfd;
  93   4            }
  94   3          }
  95   2          yi = 2;
  96   2          er = san = si = wu = liu = 11;
  97   2          qi = shijian / 10;
  98   2          ba = shijian % 10;
  99   2        }
 100   1        
 101   1        if(shezhi == 1)
 102   1        {
 103   2          yi = 3;
 104   2          er = san = liu = 11;
 105   2          if(fengming == 1)
 106   2          {
 107   3            si = shijian_yi_t / 10;
 108   3            wu = shijian_yi_t % 10;
 109   3          }
 110   2          else
 111   2          {
 112   3            si = wu = 11;
 113   3          }
 114   2          qi = shijian_er_t / 10;
 115   2          ba = shijian_er_t % 10;
 116   2        }
C51 COMPILER V9.56.0.0   MAIN                                                              05/13/2018 11:59:11 PAGE 3   

 117   1        else if(shezhi == 2)
 118   1        {
 119   2          yi = 3;
 120   2          er = san = liu = 11;
 121   2          if(fengming == 1)
 122   2          {
 123   3            qi = shijian_er_t / 10;
 124   3            ba = shijian_er_t % 10;
 125   3          }
 126   2          else
 127   2          {
 128   3            qi = ba = 11;
 129   3          }
 130   2          si = shijian_yi_t / 10;
 131   2            wu = shijian_yi_t % 10;
 132   2        }
 133   1      }
 134          
 135          void main()
 136          {
 137   1        banzi_init();
 138   1        Timer0Init();
 139   1        Timer1Init();
 140   1        EA = 1;
 141   1        ET0 = 1;
 142   1      //  IIC_Write(0x01,2);
 143   1      //          Delay1ms();
 144   1      //          IIC_Write(0x02,4);
 145   1        while(1)
 146   1        {
 147   2          dianya = AD(0x03);
 148   2          
 149   2          ceju();
 150   2          keyscan();
 151   2          display();
 152   2      //    
 153   2      //    yi = dianya / 10;
 154   2      //    er = dianya % 10;
 155   2      //    san = si = wu = liu = qi = ba = 11;
 156   2          
 157   2      //    yi = juli / 100;
 158   2      //    er = juli % 100 / 10;
 159   2      //    san = juli % 10;
 160   2      //    si = wu = liu = qi = ba = 11;
 161   2          xianshi();
 162   2        }
 163   1      }


MODULE INFORMATION:   STATIC OVERLAYABLE
   CODE SIZE        =   1948    ----
   CONSTANT SIZE    =     12    ----
   XDATA SIZE       =   ----    ----
   PDATA SIZE       =   ----    ----
   DATA SIZE        =     25    ----
   IDATA SIZE       =   ----    ----
   BIT SIZE         =      5       1
END OF MODULE INFORMATION.


C51 COMPILATION COMPLETE.  0 WARNING(S),  0 ERROR(S)
