C51 COMPILER V9.01   GG                                                                    01/16/2015 21:18:52 PAGE 1   


C51 COMPILER V9.01, COMPILATION OF MODULE GG
OBJECT MODULE PLACED IN gg.OBJ
COMPILER INVOKED BY: C:\Keil\C51\BIN\C51.EXE gg.c BROWSE DEBUG OBJECTEXTEND

line level    source

   1          //proteus仿真论坛：proteus.5d6d.com
   2          #include <reg51.h>
   3          #include <intrins.h>
   4          #include <ADC0808.c>
   5          sbit DI=P2^2; // 数据\指令 选择
   6          sbit RW=P2^1; // 读\写 选择
   7          sbit E=P2^0; // 读\写使能
   8          sbit CS1=P2^4; // 片选1
   9          sbit CS2=P2^3; // 片选2
  10          sbit busy=P1^7;
  11          sbit jia=P3^7;
  12          sbit jian=P3^3;
  13          sbit jia1=P3^0;
  14          sbit jian1=P3^1;
  15          unsigned int i;
  16          unsigned char ye,lei,shu;
  17          unsigned char a[91];
  18          char code t[]={ 
  19                          
  20                                                                                                                                                                           
  21                                      0x00,0x00,0x08,0x00,0x04,0x00,0x02,0x00,0x01,0x80,0x40,0x60,0x80,0x00,0x7F,0xFF, //小
  22                          0x00,0x00,0x00,0x20,0x00,0x40,0x00,0x80,0x01,0x00,0x06,0x00,0x00,0x00,0x00,0x00,
  23          
  24                                          0x00,0x80,0x00,0x80,0x00,0x82,0x00,0x82,0x00,0x82,0x40,0x82,0x80,0x82,0x7F,0xE2, //子
  25                          0x00,0xA2,0x00,0x92,0x00,0x8A,0x00,0x86,0x00,0x80,0x00,0xC0,0x00,0x80,0x00,0x00,
  26                                                                                                                                                                                                           
  27                                          0x00,0x40,0x00,0x60,0x3F,0x5E,0x01,0x48,0x01,0x48,0xFF,0xFF,0x11,0x48,0x21,0x4C, //制
  28                          0x1F,0x68,0x00,0x40,0x07,0xF8,0x40,0x00,0x80,0x00,0x7F,0xFF,0x00,0x00,0x00,0x00,
  29                                          
  30                                          0x00,0x80,0x00,0x40,0x00,0x20,0xFF,0xF8,0x00,0x87,0x00,0x40,0x00,0x30,0x00,0x0F, //作
  31                          0xFF,0xF8,0x08,0x88,0x08,0x88,0x08,0xC8,0x0C,0x88,0x08,0x0C,0x00,0x08,0x00,0x00, 
  32                                          };
  33          
  34          
  35                                    
  36          void checkstate()
  37          {
  38   1          DI=0;
  39   1              RW=1;
  40   1              do
  41   1              {
  42   2                E=1; 
  43   2                E=0;
  44   2                                              //仅当第7位为0时才可操作(判别busy信号)
  45   2              }while(busy==1);
  46   1      }
  47             void writecommand(unsigned char command)     //写命令
  48          {
  49   1              checkstate();
  50   1              DI=0;
  51   1              RW=0;
  52   1              P1=command;
  53   1              E=1;
  54   1              E=0;
  55   1              }
C51 COMPILER V9.01   GG                                                                    01/16/2015 21:18:52 PAGE 2   

  56           void writedate(unsigned char date)             //写数据
  57          {
  58   1         checkstate();
  59   1         DI=1; 
  60   1         RW=0;
  61   1         P1=date;
  62   1         E=1; 
  63   1         E=0; 
  64   1      }
  65          
  66           void pianxuan(unsigned int i)
  67           {
  68   1        if(i==1) 
  69   1        CS1=0,CS2=1;
  70   1        if(i==2)
  71   1        CS1=1,CS2=0;
  72   1        if(i==3)
  73   1        CS1=0,CS2=0;
  74   1        }
  75            void shuju()
  76           {
  77   1        pianxuan(i);
  78   1        writecommand(ye);
  79   1        writecommand(lei);
  80   1        writedate(shu);
  81   1        }
  82            void cleanscreen()                                             //清屏
  83          {
  84   1              unsigned char page,i;
  85   1              pianxuan(3);
  86   1               for(page=0xb8;page<=0xbf;page++)
  87   1              {   
  88   2                      writecommand(page);
  89   2                      writecommand(0x40);
  90   2                      for(i=0;i<64;i++)
  91   2                      writedate(0x00);
  92   2                      
  93   2      }
  94   1              pianxuan(1);
  95   1          lei=0x40;
  96   1              for(ye=0xb8;ye<0xbf;ye++)
  97   1              {
  98   2               shu=0xff;
  99   2               shuju();
 100   2               }
 101   1               ye=0xb8;
 102   1               for(lei=0x40;lei<=0x7f;lei++)
 103   1               {
 104   2                shu=0x80;
 105   2                shuju();
 106   2                }
 107   1               ye=0xbf;
 108   1               for(lei=0x40;lei<=0x7f;lei++)
 109   1               {
 110   2                shu=0x01;
 111   2                shuju();
 112   2                }
 113   1          pianxuan(2);
 114   1          ye=0xb8;
 115   1              for(lei=0x40;lei<=0x5b;lei++)
 116   1               {
 117   2                shu=0x80;
C51 COMPILER V9.01   GG                                                                    01/16/2015 21:18:52 PAGE 3   

 118   2                shuju();
 119   2                }
 120   1                ye=0xbf;
 121   1               for(lei=0x40;lei<=0x5b;lei++)
 122   1               {
 123   2                shu=0x01;
 124   2                shuju();
 125   2                }
 126   1               lei=0x5b;
 127   1                for(ye=0xb9;ye<=0xbe;ye++)
 128   1              {
 129   2               shu=0xff;
 130   2               shuju();
 131   2               }
 132   1               
 133   1      }
 134          void init(void)   //开显示，起始行0行
 135          {       
 136   1          writecommand(0xc0);
 137   1              writecommand(0x3f);
 138   1      }
 139          void delay_50us(uint t)
 140          {
 141   1       uchar j;  
 142   1       for(;t>0;t--)   
 143   1        for(j=19;j>0;j--);
 144   1      }
 145           
 146          void qing()
 147           {
 148   1        uchar i;
 149   1        for(i=0xb9;i<=0xbe;i++)
 150   1        {
 151   2          ye=i;
 152   2              shu=0x00;
 153   2              shuju();
 154   2              }
 155   1        }
 156           void main()
 157           {
 158   1       
 159   1              
 160   1          uint r,j,g=0,q,dianya=1,k,p;
 161   1          uchar m,l;
 162   1              //pianxuan(3);
 163   1          cleanscreen();
 164   1          init();
 165   1              pianxuan(2);
 166   1              l=0xb8;
 167   1              for(k=0;k<4;k++,l=l+0x02)
 168   1              {
 169   2              ye=l;
 170   2              lei=0x70;
 171   2              for(r=0;r<16;r++)
 172   2         {
 173   3          shu=t[2*r+1+32*k];
 174   3              shuju();
 175   3              lei++;
 176   3              }
 177   2              ye=l+0x01;
 178   2              lei=0x70;
 179   2              for(r=0;r<16;r++)
C51 COMPILER V9.01   GG                                                                    01/16/2015 21:18:52 PAGE 4   

 180   2         {
 181   3          shu=t[2*r+32*k];
 182   3              shuju();
 183   3              lei++;
 184   3              }
 185   2              }
 186   1        while(1)
 187   1        {
 188   2      uchar d1,d2,d3,d4,d5,d6;
 189   2      while(jia==0)
 190   2      {
 191   3       while(jia==0);
 192   3       g=g+1;
 193   3       }
 194   2       while(jian==0)
 195   2      {
 196   3       while(jian==0);
 197   3       if(g!=0) g=g-1;
 198   3       }
 199   2       while(jia1==0)
 200   2      {
 201   3       while(jia1==0);
 202   3       dianya=dianya+1;
 203   3       }
 204   2       while(jian1==0)
 205   2      {
 206   3       while(jian1==0);
 207   3       if(dianya!=1) dianya=dianya-1;
 208   3       }
 209   2       for(j=0;j<90;j++) //AD采样最大值
 210   2       {
 211   3        adc();
 212   3        a[j]=AD;
 213   3        if(a[j]>a[91])
 214   3        {
 215   4         a[91]=a[j];
 216   4         }
 217   3        delay_50us(g);
 218   3        }
 219   2        
 220   2       while(AD!=a[91])
 221   2       {
 222   3        adc();
 223   3        }
 224   2      for(j=0;j<90;j++) //AD采样
 225   2       {
 226   3        adc();
 227   3        a[j]=AD; 
 228   3        delay_50us(g);
 229   3        }
 230   2          lei=0x41;
 231   2          for(r=0,j=0;r<90;r++,j++)
 232   2              {
 233   3              if(j<63) i=1;
 234   3              if(j==63) lei=0x40;
 235   3              if(j>=63)i=2;
 236   3              qing();
 237   3              if(a[j>=127])//正电压
 238   3              {                             
 239   4          AD=(a[j]-127)*0.196/dianya;  //计算在12864的电压值
 240   4          if(AD<=7)       ye=0xbb,shu=(0x80>>AD);
 241   4              else if(AD<=15) ye=0xba,shu=(0x80>>(AD-8));
C51 COMPILER V9.01   GG                                                                    01/16/2015 21:18:52 PAGE 5   

 242   4          else if(AD<=23) ye=0xb9,shu=(0x80>>(AD-16));
 243   4          else if(AD<=31) ye=0xb9,shu=(0x80>>(AD-24));
 244   4              }
 245   3              if(a[j]<127)//负电压
 246   3              {
 247   4              AD=(127-a[j])*0.196/dianya;
 248   4          if(AD<=7)       ye=0xbc,shu=(0x01<<(AD));
 249   4          else if(AD<=15) ye=0xbd,shu=(0x01<<(AD-8));
 250   4          else if(AD<=23) ye=0xbe,shu=(0x01<<(AD-16));
 251   4              else if(AD<=31) ye=0xbe,shu=(0x01<<(AD-24));
 252   4              }
 253   3         if(r==0)
 254   3              {
 255   4              d1=shu;
 256   4              d2=ye;
 257   4              }
 258   3              if(r!=0)
 259   3              {
 260   4               d3=shu;
 261   4               d4=ye;
 262   4               if(ye==d2)
 263   4               {
 264   5                if(shu>d1)
 265   5               {
 266   6               d5=shu;
 267   6               d5=d5>>1;
 268   6               while(d5!=d1)
 269   6               {d5=d5>>1;
 270   7               shu=shu|(shu>>1);}
 271   6               }
 272   5               if(shu<d1)
 273   5               {
 274   6               d5=shu;
 275   6               d5=d5<<1;
 276   6               while(d5!=d1)
 277   6               {d5=d5<<1;shu=shu|(shu<<1);} 
 278   6               }
 279   5              }
 280   4       
 281   4          if(ye<d2)
 282   4               {
 283   5                   for(q=0;q<7;q++) 
 284   5                   {
 285   6                        shu=shu|(shu<<1);
 286   6                        } 
 287   5                        shuju();
 288   5                        ye++;
 289   5                        while(ye<d2) {shu=0xff,shuju(),ye++;}
 290   5                        if(ye==d2){
 291   6                                    shu=0x01;
 292   6                                                if(shu<d1)
 293   6                              {
 294   7                               d5=shu;
 295   7                               d5=d5<<1;
 296   7                               while(d5!=d1)
 297   7                               {d5=d5<<1;shu=shu|(shu<<1);} 
 298   7                                }
 299   6                                                }
 300   5             }
 301   4                if(ye>d2)
 302   4               {
 303   5                   for(q=0;q<7;q++) 
C51 COMPILER V9.01   GG                                                                    01/16/2015 21:18:52 PAGE 6   

 304   5                      {
 305   6                            shu=shu|(shu>>1);
 306   6                           }
 307   5                        shuju();
 308   5                        ye--;
 309   5                        while(ye>d2) {shu=0xff,shuju(),ye--;}
 310   5                        if(ye==d2){
 311   6                                    shu=0x80;
 312   6                                                if(shu>d1)
 313   6                                 {
 314   7                               d5=shu;
 315   7                               d5=d5>>1;
 316   7                               while(d5!=d1)
 317   7                               {d5=d5>>1;shu=shu|(shu>>1);} 
 318   7                                  }
 319   6                                               } 
 320   5            }
 321   4                }
 322   3              if(r!=0)
 323   3              {
 324   4               d1=d3;
 325   4               d2=d4;
 326   4               }
 327   3              shuju();
 328   3          if(lei!=0x7f) lei++;
 329   3              }
 330   2               }
 331   1               }
*** WARNING C280 IN LINE 188 OF GG.C: 'd6': unreferenced local variable
*** WARNING C280 IN LINE 160 OF GG.C: 'p': unreferenced local variable
*** WARNING C280 IN LINE 161 OF GG.C: 'm': unreferenced local variable
 332                  
 333                    
 334             
 335                  


MODULE INFORMATION:   STATIC OVERLAYABLE
   CODE SIZE        =   1551    ----
   CONSTANT SIZE    =    128    ----
   XDATA SIZE       =   ----    ----
   PDATA SIZE       =   ----    ----
   DATA SIZE        =     98      19
   IDATA SIZE       =   ----    ----
   BIT SIZE         =   ----    ----
END OF MODULE INFORMATION.


C51 COMPILATION COMPLETE.  3 WARNING(S),  0 ERROR(S)
