C51 COMPILER V9.00   MAIN                                                                  05/13/2017 19:54:42 PAGE 1   


C51 COMPILER V9.00, COMPILATION OF MODULE MAIN
OBJECT MODULE PLACED IN main.OBJ
COMPILER INVOKED BY: D:\°²×°Ä¿Â¼\keil4\C51\BIN\C51.EXE main.c BROWSE DEBUG OBJECTEXTEND

line level    source

   1          #include<reg51.h>
   2          sbit P1_0=P1^0;
   3          code unsigned char seven_seg[]={0xc0,0xf9,0xa4,0xb0,0x99,0x92,
   4                                                                                  0x82,0xf8,0x80,0x90};
   5          void delay(unsigned char x)
   6          {
   7   1              while(x--);
   8   1      }                                                                               
   9          void display()
  10          {
  11   1              unsigned char i;
  12   1              P0=0xff;
  13   1              switch(i)
  14   1              {
  15   2                      case 0:P1_0=0;P1_0=1;P0=0x01;P1_0=0;P0=seven_seg[1];break;
  16   2                      case 1:P1_0=0;P1_0=1;P0=0x02;P1_0=0;P0=seven_seg[1];break;
  17   2                      case 2:P1_0=0;P1_0=1;P0=0x04;P1_0=0;P0=seven_seg[2];break;
  18   2                      case 3:P1_0=0;P1_0=1;P0=0x08;P1_0=0;P0=seven_seg[3];break;
  19   2                      case 4:P1_0=0;P1_0=1;P0=0x10;P1_0=0;P0=seven_seg[4];break;
  20   2                      case 5:P1_0=0;P1_0=1;P0=0x20;P1_0=0;P0=seven_seg[5];break;
  21   2              }
  22   1              i++;
  23   1              if(i>=6)i=0;
  24   1      }
  25          void main()
  26          {  
  27   1              while(1)
  28   1              {
  29   2                      display();
  30   2                      delay(50);
  31   2              }
  32   1      }


MODULE INFORMATION:   STATIC OVERLAYABLE
   CODE SIZE        =    135    ----
   CONSTANT SIZE    =     10    ----
   XDATA SIZE       =   ----    ----
   PDATA SIZE       =   ----    ----
   DATA SIZE        =   ----       1
   IDATA SIZE       =   ----    ----
   BIT SIZE         =   ----    ----
END OF MODULE INFORMATION.


C51 COMPILATION COMPLETE.  0 WARNING(S),  0 ERROR(S)
