C51 COMPILER V8.02   MAIN                                                                  01/16/2016 12:10:46 PAGE 1   


C51 COMPILER V8.02, COMPILATION OF MODULE MAIN
OBJECT MODULE PLACED IN main.OBJ
COMPILER INVOKED BY: G:\单片机软件\Keil\C51\BIN\C51.EXE main.c BROWSE DEBUG OBJECTEXTEND

line level    source

   1          //LED点阵驱动，针对B105型实验开发板设计
   2          //通过LED点阵显示简单的字符
   3          //设计：单片机创新工作室--王曙光设计，2015年12月15日
   4          #include<reg51.h>
   5          #include<hc595.c>
   6          code uchar scan[] = {0xfe,0xfd,0xfb,0xf7,0xef,0xdf,0xbf,0x7f};          //列扫描
   7          uint cp1,cp2,cp3;
   8          code uchar dianzhen[10][8] = 
   9          {  
  10                  {0x00,0x1C,0x22,0x22,0x22,0x22,0x22,0x1C},                                              //0
  11                  {0x00,0x08,0x18,0x08,0x08,0x08,0x08,0x3C},                                              //1
  12                  {0x00,0x1C,0x02,0x02,0x1C,0x20,0x20,0x1C},                                              //2
  13                  {0x00,0x1C,0x22,0x02,0x0C,0x02,0x22,0x1C},                                              //3
  14                  {0x00,0x0C,0x14,0x14,0x24,0x3E,0x04,0x04},                                              //4
  15                  {0x00,0x1C,0x20,0x20,0x1C,0x02,0x02,0x1C},                                              //5
  16                  {0x00,0x1C,0x20,0x20,0x1C,0x22,0x22,0x1C},                                              //6
  17                  {0x00,0x3E,0x02,0x02,0x04,0x08,0x08,0x08},                                              //7
  18                  {0x00,0x1C,0x22,0x22,0x1C,0x22,0x22,0x1C},                                              //8
  19                  {0x00,0x1C,0x22,0x22,0x1C,0x02,0x02,0x1C},                                              //9
  20          };                                                                                                                              //0~9字符数组
  21          /*********************定时器中断服务函数************************/
  22          void timer0_isr(void) interrupt 1
  23          {
  24   1              TH0 = (65535 - 2000) / 256;
  25   1              TL0 = (65535 - 2000) % 256;
  26   1              cp1++;if(cp1 >= 8)cp1 = 0;
  27   1              cp2++;
  28   1              if(cp2 > 500)                                                                                                   //1秒
  29   1              {
  30   2                      cp2 =0;cp3++;
  31   2                      if(cp3 >= 10)                                                                                           //10秒
  32   2                      cp3 = 0;
  33   2              }       
  34   1              send(dianzhen[cp3][cp1]);                                                                               //后发送8位列数据，与行扫描对应的列数据
  35   1              send(scan[cp1]);                                                                                                //先发送行扫描
  36   1              suocun();                                                                                                               //行列控制器锁存输出，每帧图像显示时间为2毫秒
  37   1      }
  38          /*********************定时器中断初始化函数**********************/
  39          void timer0_init(void)
  40          {
  41   1              TMOD = 0x01;
  42   1              TH0 = (65535 - 2000) / 256;
  43   1              TL0 = (65535 - 2000) % 256;
  44   1              EA = 1;
  45   1              ET0 = 1;
  46   1              TR0 = 1;
  47   1      }
  48          /*************************主函数********************************/
  49          void main(void)
  50          {
  51   1              timer0_init();
  52   1              while(1);
  53   1      }


C51 COMPILER V8.02   MAIN                                                                  01/16/2016 12:10:46 PAGE 2   

MODULE INFORMATION:   STATIC OVERLAYABLE
   CODE SIZE        =    196    ----
   CONSTANT SIZE    =     88    ----
   XDATA SIZE       =   ----    ----
   PDATA SIZE       =   ----    ----
   DATA SIZE        =      6    ----
   IDATA SIZE       =   ----    ----
   BIT SIZE         =   ----    ----
END OF MODULE INFORMATION.


C51 COMPILATION COMPLETE.  0 WARNING(S),  0 ERROR(S)
